{"/Users/a40818419/Sites/report-spa/src/helper.ts": {"path":"/Users/a40818419/Sites/report-spa/src/helper.ts","statementMap":{"0":{"start":{"line":1,"column":0},"end":{"line":1,"column":null}},"1":{"start":{"line":3,"column":27},"end":{"line":3,"column":null}},"2":{"start":{"line":3,"column":46},"end":{"line":3,"column":null}}},"fnMap":{"0":{"name":"(anonymous_0)","decl":{"start":{"line":3,"column":27},"end":{"line":3,"column":46}},"loc":{"start":{"line":3,"column":46},"end":{"line":3,"column":null}}}},"branchMap":{"0":{"loc":{"start":{"line":3,"column":53},"end":{"line":3,"column":60}},"type":"cond-expr","locations":[{"start":{"line":3,"column":53},"end":{"line":3,"column":60}},{"start":{"line":3,"column":82},"end":{"line":3,"column":null}}]}},"s":{"0":4,"1":4,"2":2},"f":{"0":2},"b":{"0":[1,1]}}
,"/Users/a40818419/Sites/report-spa/src/components/App.vue": {"path":"/Users/a40818419/Sites/report-spa/src/components/App.vue","statementMap":{"0":{"start":{"line":12,"column":0},"end":{"line":12,"column":null}},"1":{"start":{"line":14,"column":0},"end":{"line":14,"column":null}},"2":{"start":{"line":18,"column":0},"end":{"line":18,"column":null}}},"fnMap":{"0":{"name":"(anonymous_1)","decl":{"start":{"line":17,"column":0},"end":{"line":17,"column":null}},"loc":{"start":{"line":17,"column":0},"end":{"line":19,"column":null}}},"1":{"name":"(anonymous_2)","decl":{"start":{"line":18,"column":0},"end":{"line":18,"column":null}},"loc":{"start":{"line":18,"column":0},"end":{"line":18,"column":null}}}},"branchMap":{},"s":{"0":1,"1":1,"2":2},"f":{"0":1,"1":1},"b":{}}
,"/Users/a40818419/Sites/report-spa/src/components/Report/Report.vue": {"path":"/Users/a40818419/Sites/report-spa/src/components/Report/Report.vue","statementMap":{"0":{"start":{"line":10,"column":0},"end":{"line":10,"column":null}},"1":{"start":{"line":16,"column":0},"end":{"line":16,"column":null}},"2":{"start":{"line":17,"column":0},"end":{"line":17,"column":null}},"3":{"start":{"line":26,"column":0},"end":{"line":26,"column":null}},"4":{"start":{"line":27,"column":0},"end":{"line":27,"column":null}},"5":{"start":{"line":29,"column":0},"end":{"line":31,"column":null}},"6":{"start":{"line":30,"column":0},"end":{"line":30,"column":null}},"7":{"start":{"line":33,"column":0},"end":{"line":33,"column":null}},"8":{"start":{"line":34,"column":0},"end":{"line":34,"column":null}},"9":{"start":{"line":36,"column":0},"end":{"line":39,"column":null}},"10":{"start":{"line":37,"column":0},"end":{"line":37,"column":null}},"11":{"start":{"line":38,"column":0},"end":{"line":38,"column":null}},"12":{"start":{"line":41,"column":0},"end":{"line":41,"column":null}}},"fnMap":{"0":{"name":"(anonymous_1)","decl":{"start":{"line":25,"column":0},"end":{"line":25,"column":null}},"loc":{"start":{"line":25,"column":0},"end":{"line":47,"column":null}}},"1":{"name":"(anonymous_2)","decl":{"start":{"line":26,"column":0},"end":{"line":26,"column":null}},"loc":{"start":{"line":26,"column":0},"end":{"line":26,"column":null}}},"2":{"name":"(anonymous_3)","decl":{"start":{"line":29,"column":0},"end":{"line":29,"column":null}},"loc":{"start":{"line":29,"column":0},"end":{"line":31,"column":null}}},"3":{"name":"(anonymous_4)","decl":{"start":{"line":36,"column":0},"end":{"line":36,"column":null}},"loc":{"start":{"line":36,"column":0},"end":{"line":39,"column":null}}},"4":{"name":"(anonymous_5)","decl":{"start":{"line":37,"column":0},"end":{"line":37,"column":null}},"loc":{"start":{"line":37,"column":0},"end":{"line":37,"column":null}}},"5":{"name":"(anonymous_6)","decl":{"start":{"line":38,"column":0},"end":{"line":38,"column":null}},"loc":{"start":{"line":38,"column":0},"end":{"line":38,"column":null}}}},"branchMap":{},"s":{"0":3,"1":3,"2":3,"3":2,"4":1,"5":1,"6":1,"7":1,"8":1,"9":1,"10":3,"11":3,"12":1},"f":{"0":1,"1":1,"2":1,"3":2,"4":1,"5":1},"b":{}}
,"/Users/a40818419/Sites/report-spa/src/components/ReportChart/ReportChart.vue": {"path":"/Users/a40818419/Sites/report-spa/src/components/ReportChart/ReportChart.vue","statementMap":{"0":{"start":{"line":17,"column":0},"end":{"line":17,"column":null}},"1":{"start":{"line":33,"column":0},"end":{"line":33,"column":null}},"2":{"start":{"line":34,"column":0},"end":{"line":34,"column":null}},"3":{"start":{"line":49,"column":0},"end":{"line":62,"column":null}},"4":{"start":{"line":50,"column":0},"end":{"line":50,"column":null}},"5":{"start":{"line":51,"column":0},"end":{"line":61,"column":null}},"6":{"start":{"line":52,"column":0},"end":{"line":52,"column":null}},"7":{"start":{"line":56,"column":0},"end":{"line":56,"column":null}},"8":{"start":{"line":64,"column":0},"end":{"line":64,"column":null}}},"fnMap":{"0":{"name":"(anonymous_1)","decl":{"start":{"line":29,"column":0},"end":{"line":29,"column":null}},"loc":{"start":{"line":29,"column":0},"end":{"line":65,"column":null}}},"1":{"name":"(anonymous_2)","decl":{"start":{"line":49,"column":0},"end":{"line":49,"column":null}},"loc":{"start":{"line":49,"column":0},"end":{"line":62,"column":null}}}},"branchMap":{"0":{"loc":{"start":{"line":51,"column":0},"end":{"line":61,"column":null}},"type":"if","locations":[{"start":{"line":51,"column":0},"end":{"line":61,"column":null}},{"start":{"line":51,"column":0},"end":{"line":61,"column":null}}]}},"s":{"0":3,"1":1,"2":1,"3":1,"4":3,"5":3,"6":2,"7":1,"8":1},"f":{"0":1,"1":3},"b":{"0":[2,1]}}
,"/Users/a40818419/Sites/report-spa/src/components/ReportDataTable/ReportDataTable.vue": {"path":"/Users/a40818419/Sites/report-spa/src/components/ReportDataTable/ReportDataTable.vue","statementMap":{"0":{"start":{"line":63,"column":0},"end":{"line":63,"column":null}},"1":{"start":{"line":71,"column":0},"end":{"line":71,"column":null}},"2":{"start":{"line":79,"column":0},"end":{"line":79,"column":null}},"3":{"start":{"line":80,"column":0},"end":{"line":80,"column":null}},"4":{"start":{"line":85,"column":0},"end":{"line":85,"column":null}},"5":{"start":{"line":86,"column":0},"end":{"line":89,"column":null}},"6":{"start":{"line":91,"column":0},"end":{"line":114,"column":null}},"7":{"start":{"line":103,"column":0},"end":{"line":103,"column":null}},"8":{"start":{"line":105,"column":0},"end":{"line":107,"column":null}},"9":{"start":{"line":106,"column":0},"end":{"line":106,"column":null}},"10":{"start":{"line":109,"column":0},"end":{"line":109,"column":null}},"11":{"start":{"line":118,"column":0},"end":{"line":118,"column":null}},"12":{"start":{"line":119,"column":0},"end":{"line":119,"column":null}},"13":{"start":{"line":120,"column":0},"end":{"line":120,"column":null}},"14":{"start":{"line":125,"column":0},"end":{"line":127,"column":null}},"15":{"start":{"line":126,"column":0},"end":{"line":126,"column":null}},"16":{"start":{"line":129,"column":0},"end":{"line":129,"column":null}}},"fnMap":{"0":{"name":"(anonymous_1)","decl":{"start":{"line":78,"column":0},"end":{"line":78,"column":null}},"loc":{"start":{"line":78,"column":0},"end":{"line":138,"column":null}}},"1":{"name":"(anonymous_2)","decl":{"start":{"line":91,"column":0},"end":{"line":91,"column":null}},"loc":{"start":{"line":91,"column":0},"end":{"line":114,"column":null}}},"2":{"name":"(anonymous_3)","decl":{"start":{"line":102,"column":0},"end":{"line":102,"column":null}},"loc":{"start":{"line":102,"column":0},"end":{"line":110,"column":null}}},"3":{"name":"(anonymous_4)","decl":{"start":{"line":117,"column":0},"end":{"line":117,"column":null}},"loc":{"start":{"line":117,"column":0},"end":{"line":121,"column":null}}},"4":{"name":"(anonymous_5)","decl":{"start":{"line":125,"column":0},"end":{"line":125,"column":null}},"loc":{"start":{"line":125,"column":0},"end":{"line":127,"column":null}}}},"branchMap":{"0":{"loc":{"start":{"line":103,"column":0},"end":{"line":103,"column":null}},"type":"if","locations":[{"start":{"line":103,"column":0},"end":{"line":103,"column":null}},{"start":{"line":103,"column":0},"end":{"line":103,"column":null}}]},"1":{"loc":{"start":{"line":105,"column":0},"end":{"line":107,"column":null}},"type":"if","locations":[{"start":{"line":105,"column":0},"end":{"line":107,"column":null}},{"start":{"line":105,"column":0},"end":{"line":107,"column":null}}]},"2":{"loc":{"start":{"line":105,"column":0},"end":{"line":105,"column":null}},"type":"binary-expr","locations":[{"start":{"line":105,"column":0},"end":{"line":105,"column":null}},{"start":{"line":105,"column":0},"end":{"line":105,"column":null}}]},"3":{"loc":{"start":{"line":118,"column":0},"end":{"line":118,"column":null}},"type":"if","locations":[{"start":{"line":118,"column":0},"end":{"line":118,"column":null}},{"start":{"line":118,"column":0},"end":{"line":118,"column":null}}]},"4":{"loc":{"start":{"line":119,"column":0},"end":{"line":119,"column":null}},"type":"if","locations":[{"start":{"line":119,"column":0},"end":{"line":119,"column":null}},{"start":{"line":119,"column":0},"end":{"line":119,"column":null}}]}},"s":{"0":3,"1":3,"2":0,"3":0,"4":0,"5":0,"6":0,"7":0,"8":0,"9":0,"10":0,"11":0,"12":0,"13":0,"14":0,"15":0,"16":0},"f":{"0":0,"1":0,"2":0,"3":0,"4":0},"b":{"0":[0,0],"1":[0,0],"2":[0,0],"3":[0,0],"4":[0,0]}}
,"/Users/a40818419/Sites/report-spa/src/modules/report/actions.ts": {"path":"/Users/a40818419/Sites/report-spa/src/modules/report/actions.ts","statementMap":{"0":{"start":{"line":4,"column":0},"end":{"line":4,"column":null}},"1":{"start":{"line":6,"column":23},"end":{"line":6,"column":null}},"2":{"start":{"line":8,"column":4},"end":{"line":8,"column":10}}},"fnMap":{"0":{"name":"(anonymous_0)","decl":{"start":{"line":7,"column":2},"end":{"line":7,"column":8}},"loc":{"start":{"line":7,"column":71},"end":{"line":9,"column":null}}}},"branchMap":{},"s":{"0":1,"1":1,"2":1},"f":{"0":1},"b":{}}
,"/Users/a40818419/Sites/report-spa/src/modules/report/getters.ts": {"path":"/Users/a40818419/Sites/report-spa/src/modules/report/getters.ts","statementMap":{"0":{"start":{"line":3,"column":23},"end":{"line":3,"column":null}},"1":{"start":{"line":5,"column":4},"end":{"line":5,"column":11}}},"fnMap":{"0":{"name":"(anonymous_0)","decl":{"start":{"line":4,"column":2},"end":{"line":4,"column":11}},"loc":{"start":{"line":4,"column":31},"end":{"line":6,"column":null}}}},"branchMap":{},"s":{"0":1,"1":1},"f":{"0":1},"b":{}}
,"/Users/a40818419/Sites/report-spa/src/modules/report/mutations.ts": {"path":"/Users/a40818419/Sites/report-spa/src/modules/report/mutations.ts","statementMap":{"0":{"start":{"line":3,"column":25},"end":{"line":3,"column":null}},"1":{"start":{"line":5,"column":4},"end":{"line":5,"column":9}}},"fnMap":{"0":{"name":"(anonymous_0)","decl":{"start":{"line":4,"column":14},"end":{"line":4,"column":15}},"loc":{"start":{"line":4,"column":57},"end":{"line":6,"column":null}}}},"branchMap":{},"s":{"0":1,"1":1},"f":{"0":1},"b":{}}
,"/Users/a40818419/Sites/report-spa/src/modules/report/state.ts": {"path":"/Users/a40818419/Sites/report-spa/src/modules/report/state.ts","statementMap":{"0":{"start":{"line":1,"column":0},"end":{"line":1,"column":12}},"1":{"start":{"line":2,"column":2},"end":{"line":2,"column":null}},"2":{"start":{"line":3,"column":2},"end":{"line":3,"column":null}},"3":{"start":{"line":4,"column":2},"end":{"line":4,"column":null}},"4":{"start":{"line":23,"column":31},"end":{"line":23,"column":52}},"5":{"start":{"line":23,"column":52},"end":{"line":23,"column":null}}},"fnMap":{"0":{"name":"(anonymous_0)","decl":{"start":{"line":1,"column":0},"end":{"line":1,"column":12}},"loc":{"start":{"line":1,"column":16},"end":{"line":5,"column":null}}},"1":{"name":"(anonymous_1)","decl":{"start":{"line":23,"column":31},"end":{"line":23,"column":52}},"loc":{"start":{"line":23,"column":52},"end":{"line":23,"column":null}}}},"branchMap":{"0":{"loc":{"start":{"line":1,"column":12},"end":{"line":1,"column":16}},"type":"binary-expr","locations":[{"start":{"line":1,"column":12},"end":{"line":1,"column":16}},{"start":{"line":1,"column":16},"end":{"line":1,"column":null}}]}},"s":{"0":1,"1":1,"2":1,"3":1,"4":1,"5":1},"f":{"0":1,"1":1},"b":{"0":[1,1]}}
}
