TN:
SF:/Users/a40818419/Sites/report-spa/src/helper.ts
FN:3,(anonymous_0)
FNF:1
FNH:1
FNDA:2,(anonymous_0)
DA:1,3
DA:3,3
LF:2
LH:2
BRDA:3,0,0,1
BRDA:3,0,1,1
BRF:2
BRH:2
end_of_record
TN:
SF:/Users/a40818419/Sites/report-spa/src/components/App.vue
FN:17,(anonymous_1)
FN:18,(anonymous_2)
FNF:2
FNH:2
FNDA:1,(anonymous_1)
FNDA:1,(anonymous_2)
DA:12,1
DA:14,1
DA:18,2
LF:3
LH:3
BRF:0
BRH:0
end_of_record
TN:
SF:/Users/a40818419/Sites/report-spa/src/components/Report/Report.vue
FN:25,(anonymous_1)
FN:26,(anonymous_2)
FN:29,(anonymous_3)
FN:36,(anonymous_4)
FN:37,(anonymous_5)
FN:38,(anonymous_6)
FNF:6
FNH:6
FNDA:1,(anonymous_1)
FNDA:1,(anonymous_2)
FNDA:1,(anonymous_3)
FNDA:2,(anonymous_4)
FNDA:1,(anonymous_5)
FNDA:1,(anonymous_6)
DA:10,2
DA:16,2
DA:17,2
DA:26,2
DA:27,1
DA:29,1
DA:30,1
DA:33,1
DA:34,1
DA:36,1
DA:37,3
DA:38,3
DA:41,1
LF:13
LH:13
BRF:0
BRH:0
end_of_record
TN:
SF:/Users/a40818419/Sites/report-spa/src/components/ReportChart/ReportChart.vue
FN:29,(anonymous_1)
FN:49,(anonymous_2)
FNF:2
FNH:0
FNDA:0,(anonymous_1)
FNDA:0,(anonymous_2)
DA:17,2
DA:33,0
DA:34,0
DA:49,0
DA:50,0
DA:51,0
DA:52,0
DA:56,0
DA:64,0
LF:9
LH:1
BRDA:51,0,0,0
BRDA:51,0,1,0
BRF:2
BRH:0
end_of_record
TN:
SF:/Users/a40818419/Sites/report-spa/src/components/ReportDataTable/ReportDataTable.vue
FN:78,(anonymous_1)
FN:91,(anonymous_2)
FN:102,(anonymous_3)
FN:117,(anonymous_4)
FN:125,(anonymous_5)
FNF:5
FNH:0
FNDA:0,(anonymous_1)
FNDA:0,(anonymous_2)
FNDA:0,(anonymous_3)
FNDA:0,(anonymous_4)
FNDA:0,(anonymous_5)
DA:63,2
DA:71,2
DA:79,0
DA:80,0
DA:85,0
DA:86,0
DA:91,0
DA:103,0
DA:105,0
DA:106,0
DA:109,0
DA:118,0
DA:119,0
DA:120,0
DA:125,0
DA:126,0
DA:129,0
LF:17
LH:2
BRDA:103,0,0,0
BRDA:103,0,1,0
BRDA:105,1,0,0
BRDA:105,1,1,0
BRDA:105,2,0,0
BRDA:105,2,1,0
BRDA:118,3,0,0
BRDA:118,3,1,0
BRDA:119,4,0,0
BRDA:119,4,1,0
BRF:10
BRH:0
end_of_record
TN:
SF:/Users/a40818419/Sites/report-spa/src/modules/report/actions.ts
FN:7,(anonymous_0)
FNF:1
FNH:1
FNDA:1,(anonymous_0)
DA:4,1
DA:6,1
DA:8,1
LF:3
LH:3
BRF:0
BRH:0
end_of_record
TN:
SF:/Users/a40818419/Sites/report-spa/src/modules/report/getters.ts
FN:4,(anonymous_0)
FNF:1
FNH:1
FNDA:1,(anonymous_0)
DA:3,1
DA:5,1
LF:2
LH:2
BRF:0
BRH:0
end_of_record
TN:
SF:/Users/a40818419/Sites/report-spa/src/modules/report/mutations.ts
FN:4,(anonymous_0)
FNF:1
FNH:1
FNDA:1,(anonymous_0)
DA:3,1
DA:5,1
LF:2
LH:2
BRF:0
BRH:0
end_of_record
TN:
SF:/Users/a40818419/Sites/report-spa/src/modules/report/state.ts
FN:1,(anonymous_0)
FN:23,(anonymous_1)
FNF:2
FNH:2
FNDA:1,(anonymous_0)
FNDA:1,(anonymous_1)
DA:1,1
DA:2,1
DA:3,1
DA:4,1
DA:23,1
LF:5
LH:5
BRDA:1,0,0,1
BRDA:1,0,1,1
BRF:2
BRH:2
end_of_record
